<?xml version="1.0" encoding="UTF-8"?>
<testng-results skipped="0" failed="0" total="1" passed="1">
  <reporter-output>
  </reporter-output>
  <suite name="Default suite" duration-ms="68" started-at="2019-11-18T06:17:35Z" finished-at="2019-11-18T06:17:35Z">
    <groups>
    </groups>
    <test name="Default test" duration-ms="68" started-at="2019-11-18T06:17:35Z" finished-at="2019-11-18T06:17:35Z">
      <class name="myProject.MyClass">
        <test-method status="PASS" signature="myMethod()[pri:0, instance:myProject.MyClass@b792abc5]" name="myMethod" duration-ms="27" started-at="2019-11-18T11:47:35Z" finished-at="2019-11-18T11:47:35Z">
          <reporter-output>
          </reporter-output>
        </test-method> <!-- myMethod -->
      </class> <!-- myProject.MyClass -->
    </test> <!-- Default test -->
  </suite> <!-- Default suite -->
</testng-results>
